e:\华中科技大学（研究生）\m3d软件\0923\m3d\ddsdatacom\debug\ddsdatacom\amd64\vc142.pdb
e:\华中科技大学（研究生）\m3d软件\0923\m3d\ddsdatacom\debug\ddsdatacom\amd64\vc142.idb
e:\华中科技大学（研究生）\m3d软件\0923\m3d\ddsdatacom\debug\ddsdatacom\amd64\xdatasubscriber.obj
e:\华中科技大学（研究生）\m3d软件\0923\m3d\ddsdatacom\debug\ddsdatacom\amd64\xdatapublisher.obj
e:\华中科技大学（研究生）\m3d软件\0923\m3d\ddsdatacom\debug\ddsdatacom\amd64\xdatareaderlistener.obj
e:\华中科技大学（研究生）\m3d软件\0923\m3d\ddsdatacom\debug\ddsdatacom\amd64\subscriber.obj
e:\华中科技大学（研究生）\m3d软件\0923\m3d\ddsdatacom\debug\ddsdatacom\amd64\publisher.obj
e:\华中科技大学（研究生）\m3d软件\0923\m3d\ddsdatacom\debug\ddsdatacom\amd64\xdatatypesupports.obj
e:\华中科技大学（研究生）\m3d软件\0923\m3d\ddsdatacom\debug\ddsdatacom\amd64\xdatatypesupportimpl.obj
e:\华中科技大学（研究生）\m3d软件\0923\m3d\ddsdatacom\debug\ddsdatacom\amd64\xdatatypesupportc.obj
e:\华中科技大学（研究生）\m3d软件\0923\m3d\ddsdatacom\debug\ddsdatacom\amd64\xdatas.obj
e:\华中科技大学（研究生）\m3d软件\0923\m3d\ddsdatacom\debug\ddsdatacom\amd64\xdatac.obj
e:\华中科技大学（研究生）\m3d软件\0923\m3d\ddsdatacom\debug\ddsdatacom\amd64\demotypesupports.obj
e:\华中科技大学（研究生）\m3d软件\0923\m3d\ddsdatacom\debug\ddsdatacom\amd64\demotypesupportimpl.obj
e:\华中科技大学（研究生）\m3d软件\0923\m3d\ddsdatacom\debug\ddsdatacom\amd64\demotypesupportc.obj
e:\华中科技大学（研究生）\m3d软件\0923\m3d\ddsdatacom\debug\ddsdatacom\amd64\demos.obj
e:\华中科技大学（研究生）\m3d软件\0923\m3d\ddsdatacom\debug\ddsdatacom\amd64\democ.obj
e:\华中科技大学（研究生）\m3d软件\0923\m3d\ddsdatacom\debug\ddsdatacom\amd64\datareaderlistener.obj
e:\华中科技大学（研究生）\m3d软件\0923\m3d\ddsdatacom\xdatac.cpp
e:\华中科技大学（研究生）\m3d软件\0923\m3d\ddsdatacom\xdatac.h
e:\华中科技大学（研究生）\m3d软件\0923\m3d\ddsdatacom\xdatac.inl
e:\华中科技大学（研究生）\m3d软件\0923\m3d\ddsdatacom\xdatas.cpp
e:\华中科技大学（研究生）\m3d软件\0923\m3d\ddsdatacom\xdatas.h
e:\华中科技大学（研究生）\m3d软件\0923\m3d\ddsdatacom\xdatatypesupport.idl
e:\华中科技大学（研究生）\m3d软件\0923\m3d\ddsdatacom\xdatatypesupportimpl.cpp
e:\华中科技大学（研究生）\m3d软件\0923\m3d\ddsdatacom\xdatatypesupportimpl.h
e:\华中科技大学（研究生）\m3d软件\0923\m3d\ddsdatacom\xdatatypesupportc.cpp
e:\华中科技大学（研究生）\m3d软件\0923\m3d\ddsdatacom\xdatatypesupportc.h
e:\华中科技大学（研究生）\m3d软件\0923\m3d\ddsdatacom\xdatatypesupportc.inl
e:\华中科技大学（研究生）\m3d软件\0923\m3d\ddsdatacom\xdatatypesupports.cpp
e:\华中科技大学（研究生）\m3d软件\0923\m3d\ddsdatacom\xdatatypesupports.h
e:\华中科技大学（研究生）\m3d软件\0923\m3d\ddsdatacom\demotypesupportc.cpp
e:\华中科技大学（研究生）\m3d软件\0923\m3d\ddsdatacom\demotypesupportc.h
e:\华中科技大学（研究生）\m3d软件\0923\m3d\ddsdatacom\demotypesupportc.inl
e:\华中科技大学（研究生）\m3d软件\0923\m3d\ddsdatacom\demotypesupports.cpp
e:\华中科技大学（研究生）\m3d软件\0923\m3d\ddsdatacom\demotypesupports.h
e:\华中科技大学（研究生）\m3d软件\0923\m3d\ddsdatacom\democ.cpp
e:\华中科技大学（研究生）\m3d软件\0923\m3d\ddsdatacom\democ.h
e:\华中科技大学（研究生）\m3d软件\0923\m3d\ddsdatacom\democ.inl
e:\华中科技大学（研究生）\m3d软件\0923\m3d\ddsdatacom\demos.cpp
e:\华中科技大学（研究生）\m3d软件\0923\m3d\ddsdatacom\demos.h
e:\华中科技大学（研究生）\m3d软件\0923\m3d\ddsdatacom\demotypesupport.idl
e:\华中科技大学（研究生）\m3d软件\0923\m3d\ddsdatacom\demotypesupportimpl.cpp
e:\华中科技大学（研究生）\m3d软件\0923\m3d\ddsdatacom\demotypesupportimpl.h
e:\华中科技大学（研究生）\m3d软件\0923\m3d\ddsdatacom\output\ddsdatacom.lib
e:\华中科技大学（研究生）\m3d软件\0923\m3d\ddsdatacom\output\ddsdatacom.exp
e:\华中科技大学（研究生）\m3d软件\0923\m3d\ddsdatacom\output\ddsdatacom.dll
e:\华中科技大学（研究生）\m3d软件\0923\m3d\ddsdatacom\debug\ddsdatacom\amd64\ddsdatacom.ilk
e:\华中科技大学（研究生）\m3d软件\0923\m3d\ddsdatacom\output\ddsdatacom.pdb
e:\华中科技大学（研究生）\m3d软件\0923\m3d\ddsdatacom\debug\ddsdatacom\amd64\ddsdatacom.tlog\cl.command.1.tlog
e:\华中科技大学（研究生）\m3d软件\0923\m3d\ddsdatacom\debug\ddsdatacom\amd64\ddsdatacom.tlog\cl.read.1.tlog
e:\华中科技大学（研究生）\m3d软件\0923\m3d\ddsdatacom\debug\ddsdatacom\amd64\ddsdatacom.tlog\cl.write.1.tlog
e:\华中科技大学（研究生）\m3d软件\0923\m3d\ddsdatacom\debug\ddsdatacom\amd64\ddsdatacom.tlog\custombuild.command.1.tlog
e:\华中科技大学（研究生）\m3d软件\0923\m3d\ddsdatacom\debug\ddsdatacom\amd64\ddsdatacom.tlog\custombuild.read.1.tlog
e:\华中科技大学（研究生）\m3d软件\0923\m3d\ddsdatacom\debug\ddsdatacom\amd64\ddsdatacom.tlog\custombuild.write.1.tlog
e:\华中科技大学（研究生）\m3d软件\0923\m3d\ddsdatacom\debug\ddsdatacom\amd64\ddsdatacom.tlog\ddsdatacom.write.1u.tlog
e:\华中科技大学（研究生）\m3d软件\0923\m3d\ddsdatacom\debug\ddsdatacom\amd64\ddsdatacom.tlog\link.10812.delete.1.tlog
e:\华中科技大学（研究生）\m3d软件\0923\m3d\ddsdatacom\debug\ddsdatacom\amd64\ddsdatacom.tlog\link.19392.delete.1.tlog
e:\华中科技大学（研究生）\m3d软件\0923\m3d\ddsdatacom\debug\ddsdatacom\amd64\ddsdatacom.tlog\link.command.1.tlog
e:\华中科技大学（研究生）\m3d软件\0923\m3d\ddsdatacom\debug\ddsdatacom\amd64\ddsdatacom.tlog\link.read.1.tlog
e:\华中科技大学（研究生）\m3d软件\0923\m3d\ddsdatacom\debug\ddsdatacom\amd64\ddsdatacom.tlog\link.write.1.tlog
