e:\华中科技大学（研究生）\m3d软件\0923\m3d\m3dstudio\x64\debug\moc_datumlinedlg.obj
e:\华中科技大学（研究生）\m3d软件\0923\m3d\m3dstudio\x64\debug\moc_documentcommon.obj
e:\华中科技大学（研究生）\m3d软件\0923\m3d\m3dstudio\x64\debug\moc_paratreemodel.obj
e:\华中科技大学（研究生）\m3d软件\0923\m3d\m3dstudio\x64\debug\moc_updatethread.obj
e:\华中科技大学（研究生）\m3d软件\0923\m3d\m3dstudio\x64\debug\moc_assemblytreewidget.obj
e:\华中科技大学（研究生）\m3d软件\0923\m3d\m3dstudio\x64\debug\moc_geomwidget.obj
e:\华中科技大学（研究生）\m3d软件\0923\m3d\m3dstudio\x64\debug\moc_selectcommand.obj
e:\华中科技大学（研究生）\m3d软件\0923\m3d\m3dstudio\x64\debug\moc_libloadthread.obj
e:\华中科技大学（研究生）\m3d软件\0923\m3d\m3dstudio\x64\debug\moc_motreedlg.obj
e:\华中科技大学（研究生）\m3d软件\0923\m3d\m3dstudio\x64\debug\moc_animationwidget.obj
e:\华中科技大学（研究生）\m3d软件\0923\m3d\m3dstudio\x64\debug\moc_newdocdlg.obj
e:\华中科技大学（研究生）\m3d软件\0923\m3d\m3dstudio\x64\debug\moc_translate.obj
e:\华中科技大学（研究生）\m3d软件\0923\m3d\m3dstudio\x64\debug\moc_mainwindow.obj
e:\华中科技大学（研究生）\m3d软件\0923\m3d\m3dstudio\x64\debug\moc_voxelwidget.obj
e:\华中科技大学（研究生）\m3d软件\0923\m3d\m3dstudio\x64\debug\moc_consdockwidget.obj
e:\华中科技大学（研究生）\m3d软件\0923\m3d\m3dstudio\x64\debug\moc_datumpointdlg.obj
e:\华中科技大学（研究生）\m3d软件\0923\m3d\m3dstudio\x64\debug\moc_libpathssetdlg.obj
e:\华中科技大学（研究生）\m3d软件\0923\m3d\m3dstudio\x64\debug\moc_simulatesetdlg.obj
e:\华中科技大学（研究生）\m3d软件\0923\m3d\m3dstudio\x64\debug\moc_animationthread.obj
e:\华中科技大学（研究生）\m3d软件\0923\m3d\m3dstudio\x64\debug\moc_constablewidget.obj
e:\华中科技大学（研究生）\m3d软件\0923\m3d\m3dstudio\x64\debug\moc_digitaltwinswidget.obj
e:\华中科技大学（研究生）\m3d软件\0923\m3d\m3dstudio\x64\debug\moc_twinanimationthread.obj
e:\华中科技大学（研究生）\m3d软件\0923\m3d\m3dstudio\x64\debug\moc_comattridlg.obj
e:\华中科技大学（研究生）\m3d软件\0923\m3d\m3dstudio\x64\debug\moc_modellibwidget.obj
e:\华中科技大学（研究生）\m3d软件\0923\m3d\m3dstudio\x64\debug\moc_reposturedlg.obj
e:\华中科技大学（研究生）\m3d软件\0923\m3d\m3dstudio\x64\debug\moc_transparency.obj
e:\华中科技大学（研究生）\m3d软件\0923\m3d\m3dstudio\x64\debug\moc_materialsetdlg.obj
e:\华中科技大学（研究生）\m3d软件\0923\m3d\m3dstudio\x64\debug\moc_cyberinfodockwidget.obj
e:\华中科技大学（研究生）\m3d软件\0923\m3d\m3dstudio\x64\debug\moc_featurebutton.obj
e:\华中科技大学（研究生）\m3d软件\0923\m3d\m3dstudio\x64\debug\moc_paradockwidget.obj
e:\华中科技大学（研究生）\m3d软件\0923\m3d\m3dstudio\x64\debug\moc_view.obj
e:\华中科技大学（研究生）\m3d软件\0923\m3d\m3dstudio\x64\debug\moc_connectordlg.obj
e:\华中科技大学（研究生）\m3d软件\0923\m3d\m3dstudio\x64\debug\moc_imageshowdlg.obj
e:\华中科技大学（研究生）\m3d软件\0923\m3d\m3dstudio\x64\debug\moc_neuralnetworkwidget.obj
e:\华中科技大学（研究生）\m3d软件\0923\m3d\m3dstudio\x64\debug\command.obj
e:\华中科技大学（研究生）\m3d软件\0923\m3d\m3dstudio\x64\debug\datumlinedlg.obj
e:\华中科技大学（研究生）\m3d软件\0923\m3d\m3dstudio\x64\debug\generatemo.obj
e:\华中科技大学（研究生）\m3d软件\0923\m3d\m3dstudio\x64\debug\paradockwidget.obj
e:\华中科技大学（研究生）\m3d软件\0923\m3d\m3dstudio\x64\debug\view.obj
e:\华中科技大学（研究生）\m3d软件\0923\m3d\m3dstudio\x64\debug\selectcommand.obj
e:\华中科技大学（研究生）\m3d软件\0923\m3d\m3dstudio\x64\debug\ais_mymanipulator.obj
e:\华中科技大学（研究生）\m3d软件\0923\m3d\m3dstudio\x64\debug\consdockwidget.obj
e:\华中科技大学（研究生）\m3d软件\0923\m3d\m3dstudio\x64\debug\documentmodel.obj
e:\华中科技大学（研究生）\m3d软件\0923\m3d\m3dstudio\x64\debug\simulatesetdlg.obj
e:\华中科技大学（研究生）\m3d软件\0923\m3d\m3dstudio\x64\debug\twinanimationthread.obj
e:\华中科技大学（研究生）\m3d软件\0923\m3d\m3dstudio\x64\debug\csv_parser.obj
e:\华中科技大学（研究生）\m3d软件\0923\m3d\m3dstudio\x64\debug\animationwidget.obj
e:\华中科技大学（研究生）\m3d软件\0923\m3d\m3dstudio\x64\debug\documentcommon.obj
e:\华中科技大学（研究生）\m3d软件\0923\m3d\m3dstudio\x64\debug\libpathssetdlg.obj
e:\华中科技大学（研究生）\m3d软件\0923\m3d\m3dstudio\x64\debug\reposturecommand.obj
e:\华中科技大学（研究生）\m3d软件\0923\m3d\m3dstudio\x64\debug\connector.obj
e:\华中科技大学（研究生）\m3d软件\0923\m3d\m3dstudio\x64\debug\cyberinfo.obj
e:\华中科技大学（研究生）\m3d软件\0923\m3d\m3dstudio\x64\debug\imageshowdlg.obj
e:\华中科技大学（研究生）\m3d软件\0923\m3d\m3dstudio\x64\debug\assemblycommand.obj
e:\华中科技大学（研究生）\m3d软件\0923\m3d\m3dstudio\x64\debug\cyberinfodockwidget.obj
e:\华中科技大学（研究生）\m3d软件\0923\m3d\m3dstudio\x64\debug\geomwidget.obj
e:\华中科技大学（研究生）\m3d软件\0923\m3d\m3dstudio\x64\debug\occtwindow.obj
e:\华中科技大学（研究生）\m3d软件\0923\m3d\m3dstudio\x64\debug\reposturedlg.obj
e:\华中科技大学（研究生）\m3d软件\0923\m3d\m3dstudio\x64\debug\voxelwidget.obj
e:\华中科技大学（研究生）\m3d软件\0923\m3d\m3dstudio\x64\debug\animationthread.obj
e:\华中科技大学（研究生）\m3d软件\0923\m3d\m3dstudio\x64\debug\connectcommand.obj
e:\华中科技大学（研究生）\m3d软件\0923\m3d\m3dstudio\x64\debug\datumpointdlg.obj
e:\华中科技大学（研究生）\m3d软件\0923\m3d\m3dstudio\x64\debug\featurebutton.obj
e:\华中科技大学（研究生）\m3d软件\0923\m3d\m3dstudio\x64\debug\newdocdlg.obj
e:\华中科技大学（研究生）\m3d软件\0923\m3d\m3dstudio\x64\debug\paratreemodel.obj
e:\华中科技大学（研究生）\m3d软件\0923\m3d\m3dstudio\x64\debug\translate.obj
e:\华中科技大学（研究生）\m3d软件\0923\m3d\m3dstudio\x64\debug\materialsetdlg.obj
e:\华中科技大学（研究生）\m3d软件\0923\m3d\m3dstudio\x64\debug\modelicamodel.obj
e:\华中科技大学（研究生）\m3d软件\0923\m3d\m3dstudio\x64\debug\comattridlg.obj
e:\华中科技大学（研究生）\m3d软件\0923\m3d\m3dstudio\x64\debug\constablewidget.obj
e:\华中科技大学（研究生）\m3d软件\0923\m3d\m3dstudio\x64\debug\mainwindow.obj
e:\华中科技大学（研究生）\m3d软件\0923\m3d\m3dstudio\x64\debug\translatedialog.obj
e:\华中科技大学（研究生）\m3d软件\0923\m3d\m3dstudio\x64\debug\global.obj
e:\华中科技大学（研究生）\m3d软件\0923\m3d\m3dstudio\x64\debug\component.obj
e:\华中科技大学（研究生）\m3d软件\0923\m3d\m3dstudio\x64\debug\assemblytreewidget.obj
e:\华中科技大学（研究生）\m3d软件\0923\m3d\m3dstudio\x64\debug\documentcomponent.obj
e:\华中科技大学（研究生）\m3d软件\0923\m3d\m3dstudio\x64\debug\neuralnetworkwidget.obj
e:\华中科技大学（研究生）\m3d软件\0923\m3d\m3dstudio\x64\debug\updatethread.obj
e:\华中科技大学（研究生）\m3d软件\0923\m3d\m3dstudio\x64\debug\libloadthread.obj
e:\华中科技大学（研究生）\m3d软件\0923\m3d\m3dstudio\x64\debug\main.obj
e:\华中科技大学（研究生）\m3d软件\0923\m3d\m3dstudio\x64\debug\adaptorvec_ais.obj
e:\华中科技大学（研究生）\m3d软件\0923\m3d\m3dstudio\x64\debug\connectordlg.obj
e:\华中科技大学（研究生）\m3d软件\0923\m3d\m3dstudio\x64\debug\digitaltwinswidget.obj
e:\华中科技大学（研究生）\m3d软件\0923\m3d\m3dstudio\x64\debug\modellibwidget.obj
e:\华中科技大学（研究生）\m3d软件\0923\m3d\m3dstudio\x64\debug\transparency.obj
e:\华中科技大学（研究生）\m3d软件\0923\m3d\m3dstudio\x64\debug\voxel.obj
e:\华中科技大学（研究生）\m3d软件\0923\m3d\m3dstudio\x64\debug\motreedlg.obj
e:\华中科技大学（研究生）\m3d软件\0923\m3d\m3dstudio\x64\debug\qrc_m3d.obj
e:\华中科技大学（研究生）\m3d软件\0923\m3d\m3dstudio\x64\debug\markingsurfdlg.obj
e:\华中科技大学（研究生）\m3d软件\0923\m3d\m3dstudio\x64\debug\moc_markingsurfdlg.obj
e:\华中科技大学（研究生）\m3d软件\0923\m3d\m3dstudio\x64\debug\neuralnetworkinfo.obj
e:\华中科技大学（研究生）\m3d软件\0923\m3d\m3dstudio\x64\debug\vc142.pdb
e:\华中科技大学（研究生）\m3d软件\0923\m3d\m3dstudio\x64\debug\rcc\qrc_m3d.cpp
e:\华中科技大学（研究生）\m3d软件\0923\m3d\m3dstudio\x64\debug\moc\moc_mainwindow.cpp
e:\华中科技大学（研究生）\m3d软件\0923\m3d\m3dstudio\x64\debug\moc\moc_newdocdlg.cpp
e:\华中科技大学（研究生）\m3d软件\0923\m3d\m3dstudio\x64\debug\moc\moc_animationwidget.cpp
e:\华中科技大学（研究生）\m3d软件\0923\m3d\m3dstudio\x64\debug\moc\moc_animationthread.cpp
e:\华中科技大学（研究生）\m3d软件\0923\m3d\m3dstudio\x64\debug\moc\moc_libpathssetdlg.cpp
e:\华中科技大学（研究生）\m3d软件\0923\m3d\m3dstudio\x64\debug\moc\moc_digitaltwinswidget.cpp
e:\华中科技大学（研究生）\m3d软件\0923\m3d\m3dstudio\x64\debug\moc\moc_imageshowdlg.cpp
e:\华中科技大学（研究生）\m3d软件\0923\m3d\m3dstudio\x64\debug\moc\moc_libloadthread.cpp
e:\华中科技大学（研究生）\m3d软件\0923\m3d\m3dstudio\x64\debug\moc\moc_motreedlg.cpp
e:\华中科技大学（研究生）\m3d软件\0923\m3d\m3dstudio\x64\debug\moc\moc_comattridlg.cpp
e:\华中科技大学（研究生）\m3d软件\0923\m3d\m3dstudio\x64\debug\moc\moc_selectcommand.cpp
e:\华中科技大学（研究生）\m3d软件\0923\m3d\m3dstudio\x64\debug\moc\moc_neuralnetworkwidget.cpp
e:\华中科技大学（研究生）\m3d软件\0923\m3d\m3dstudio\x64\debug\moc\moc_updatethread.cpp
e:\华中科技大学（研究生）\m3d软件\0923\m3d\m3dstudio\x64\debug\moc\moc_simulatesetdlg.cpp
e:\华中科技大学（研究生）\m3d软件\0923\m3d\m3dstudio\x64\debug\moc\moc_twinanimationthread.cpp
e:\华中科技大学（研究生）\m3d软件\0923\m3d\m3dstudio\x64\debug\moc\moc_voxelwidget.cpp
e:\华中科技大学（研究生）\m3d软件\0923\m3d\m3dstudio\x64\debug\moc\moc_materialsetdlg.cpp
e:\华中科技大学（研究生）\m3d软件\0923\m3d\m3dstudio\x64\debug\moc\moc_assemblytreewidget.cpp
e:\华中科技大学（研究生）\m3d软件\0923\m3d\m3dstudio\x64\debug\moc\moc_consdockwidget.cpp
e:\华中科技大学（研究生）\m3d软件\0923\m3d\m3dstudio\x64\debug\moc\moc_constablewidget.cpp
e:\华中科技大学（研究生）\m3d软件\0923\m3d\m3dstudio\x64\debug\moc\moc_featurebutton.cpp
e:\华中科技大学（研究生）\m3d软件\0923\m3d\m3dstudio\x64\debug\moc\moc_datumpointdlg.cpp
e:\华中科技大学（研究生）\m3d软件\0923\m3d\m3dstudio\x64\debug\moc\moc_datumlinedlg.cpp
e:\华中科技大学（研究生）\m3d软件\0923\m3d\m3dstudio\x64\debug\moc\moc_connectordlg.cpp
e:\华中科技大学（研究生）\m3d软件\0923\m3d\m3dstudio\x64\debug\moc\moc_documentcommon.cpp
e:\华中科技大学（研究生）\m3d软件\0923\m3d\m3dstudio\x64\debug\moc\moc_cyberinfodockwidget.cpp
e:\华中科技大学（研究生）\m3d软件\0923\m3d\m3dstudio\x64\debug\moc\moc_geomwidget.cpp
e:\华中科技大学（研究生）\m3d软件\0923\m3d\m3dstudio\x64\debug\moc\moc_modellibwidget.cpp
e:\华中科技大学（研究生）\m3d软件\0923\m3d\m3dstudio\x64\debug\moc\moc_translate.cpp
e:\华中科技大学（研究生）\m3d软件\0923\m3d\m3dstudio\x64\debug\moc\moc_paratreemodel.cpp
e:\华中科技大学（研究生）\m3d软件\0923\m3d\m3dstudio\x64\debug\moc\moc_paradockwidget.cpp
e:\华中科技大学（研究生）\m3d软件\0923\m3d\m3dstudio\x64\debug\moc\moc_reposturedlg.cpp
e:\华中科技大学（研究生）\m3d软件\0923\m3d\m3dstudio\x64\debug\moc\moc_view.cpp
e:\华中科技大学（研究生）\m3d软件\0923\m3d\m3dstudio\x64\debug\moc\moc_transparency.cpp
e:\华中科技大学（研究生）\m3d软件\0923\m3d\x64\debug\m3dstudio.lib
e:\华中科技大学（研究生）\m3d软件\0923\m3d\x64\debug\m3dstudio.exp
e:\华中科技大学（研究生）\m3d软件\0923\m3d\m3dstudio\x64\debug\moc\moc_markingsurfdlg.cpp
e:\华中科技大学（研究生）\m3d软件\0923\m3d\m3dstudio\x64\debug\m3d.res
e:\华中科技大学（研究生）\m3d软件\0923\m3d\x64\debug\m3dstudio.pdb
e:\华中科技大学（研究生）\m3d软件\0923\m3d\m3dstudio\x64\debug\m3dstudio.tlog\cl.command.1.tlog
e:\华中科技大学（研究生）\m3d软件\0923\m3d\m3dstudio\x64\debug\m3dstudio.tlog\cl.read.1.tlog
e:\华中科技大学（研究生）\m3d软件\0923\m3d\m3dstudio\x64\debug\m3dstudio.tlog\cl.write.1.tlog
e:\华中科技大学（研究生）\m3d软件\0923\m3d\m3dstudio\x64\debug\m3dstudio.tlog\link.command.1.tlog
e:\华中科技大学（研究生）\m3d软件\0923\m3d\m3dstudio\x64\debug\m3dstudio.tlog\link.read.1.tlog
e:\华中科技大学（研究生）\m3d软件\0923\m3d\m3dstudio\x64\debug\m3dstudio.tlog\link.write.1.tlog
e:\华中科技大学（研究生）\m3d软件\0923\m3d\m3dstudio\x64\debug\m3dstudio.tlog\m3dstudio.write.1u.tlog
e:\华中科技大学（研究生）\m3d软件\0923\m3d\m3dstudio\x64\debug\m3dstudio.tlog\moc.read.1u.tlog
e:\华中科技大学（研究生）\m3d软件\0923\m3d\m3dstudio\x64\debug\m3dstudio.tlog\moc.write.1u.tlog
e:\华中科技大学（研究生）\m3d软件\0923\m3d\m3dstudio\x64\debug\m3dstudio.tlog\rc.command.1.tlog
e:\华中科技大学（研究生）\m3d软件\0923\m3d\m3dstudio\x64\debug\m3dstudio.tlog\rc.read.1.tlog
e:\华中科技大学（研究生）\m3d软件\0923\m3d\m3dstudio\x64\debug\m3dstudio.tlog\rc.write.1.tlog
e:\华中科技大学（研究生）\m3d软件\0923\m3d\m3dstudio\x64\debug\m3dstudio.tlog\rcc.read.1u.tlog
e:\华中科技大学（研究生）\m3d软件\0923\m3d\m3dstudio\x64\debug\m3dstudio.tlog\rcc.write.1u.tlog
